03/2208:51:01:.main:***************
03/2208:51:01:...locate_configFile:Specified
03/2208:51:01:.main:Using
03/2208:51:01:..settcpimage:Get
03/2208:51:01:..settcpimage:Associate
03/2208:51:02:..reg_process:registering
03/2208:51:02:..reg_process:attempt
03/2208:51:02:..reg_process:return
03/2208:51:06:...read_physical_netif:index
03/2208:51:06:...read_physical_netif:index
03/2208:51:06:...read_physical_netif:index
03/2208:51:06:...read_physical_netif:index
03/2208:51:06:...read_physical_netif:index
03/2208:51:06:...read_physical_netif:index
03/2208:51:06:...read_physical_netif:index
03/2208:51:06:....mailslot_create:creating
03/2208:51:06:...mailbox_register:mailbox
03/2208:51:06:.....mailslot_create:creating
03/2208:51:06:....mailbox_register:mailbox
03/2208:51:06:.....mailslot_create:creating
03/2208:51:06:....mailbox_register:mailbox
03/2208:51:06:.....mailslot_create:creating
03/2208:51:06:....mailbox_register:mailbox
03/2208:51:06:.....mailslot_create:creating
03/2208:51:06:....mailbox_register:mailbox
03/2208:51:06:.....mailslot_create:creating
03/2208:51:06:....mailbox_register:mailbox
03/2208:51:06:.....mailslot_create:creating
03/2208:51:06:....mailbox_register:mailbox
03/2208:51:06:.....mailslot_create:creating
03/2208:51:06:....mailbox_register:mailbox
03/2208:51:06:.....mailslot_create:creating
03/2208:51:06:....mailbox_register:mailbox
03/2208:51:06:.....mailslot_create:creating
03/2208:51:06:....mailbox_register:mailbox
03/2208:51:06:.....mailslot_create:creating
03/2208:51:06:....mailbox_register:mailbox
03/2208:51:06:.....mailslot_create:creating
03/2208:51:06:....mailbox_register:mailbox
03/2208:51:06:.....mailslot_create:creating
03/2208:51:06:....mailbox_register:mailbox
